<?xml version="1.0" encoding="UTF-8"?>
<!-- Generated by org.testng.reporters.JUnitReportReporter -->
<testsuite hostname="DESKTOP-3CNBKPE" failures="0" tests="1" name="uiautomation.amazontestcases.Amazon" time="37.251" errors="0" timestamp="2023-06-29T14:09:47 IST" skipped="0">
  <testcase classname="uiautomation.amazontestcases.Amazon" name="signupaccount" time="37.251"/>
  <system-out/>
</testsuite> <!-- uiautomation.amazontestcases.Amazon -->
