<?xml version="1.0" encoding="UTF-8"?>
<!-- Generated by org.testng.reporters.JUnitReportReporter -->
<testsuite hostname="DESKTOP-3CNBKPE" failures="0" tests="1" name="com.uiautomation.webtest.Fileupload" time="11.995" errors="0" timestamp="2023-06-28T13:30:35 IST" skipped="0">
  <testcase classname="com.uiautomation.webtest.Fileupload" name="verifyFileUpload" time="11.995"/>
  <system-out/>
</testsuite> <!-- com.uiautomation.webtest.Fileupload -->
