<?xml version="1.0" encoding="UTF-8"?>
<!-- Generated by org.testng.reporters.JUnitReportReporter -->
<testsuite hostname="DESKTOP-3CNBKPE" failures="0" tests="1" name="uiautomation.amazontestcases.WindowHandle" time="203.020" errors="0" timestamp="2023-07-02T14:55:25 IST" skipped="0">
  <testcase classname="uiautomation.amazontestcases.WindowHandle" name="verifyWindowHandles" time="203.020"/>
  <system-out/>
</testsuite> <!-- uiautomation.amazontestcases.WindowHandle -->
