<?xml version="1.0" encoding="UTF-8"?>
<!-- Generated by org.testng.reporters.JUnitReportReporter -->
<testsuite hostname="DESKTOP-3CNBKPE" failures="0" tests="1" name="com.uiautomation.webtest.Fileupload" time="13.953" errors="0" timestamp="2023-06-27T13:55:07 IST" skipped="0">
  <testcase classname="com.uiautomation.webtest.Fileupload" name="verifyFileUpload" time="13.953"/>
  <system-out/>
</testsuite> <!-- com.uiautomation.webtest.Fileupload -->
