<?xml version="1.0" encoding="UTF-8"?>
<!-- Generated by org.testng.reporters.JUnitReportReporter -->
<testsuite skipped="0" hostname="DESKTOP-3CNBKPE" name="com.uiautomation.webtest.Fileupload" tests="1" failures="0" timestamp="2023-06-28T13:58:33 IST" time="13.555" errors="0">
  <testcase name="verifyFileUpload" time="13.555" classname="com.uiautomation.webtest.Fileupload"/>
  <system-out/>
</testsuite> <!-- com.uiautomation.webtest.Fileupload -->
